<?xml version="1.0" encoding="UTF-8"?>
<!-- Generated by org.testng.reporters.JUnitXMLReporter -->
<testsuite hostname="LAPTOP-QTT2AQ1K" ignored="8" name="Default test" tests="1" failures="0" timestamp="2022-01-19T03:36:40 IST" time="54.117" errors="0">
  <testcase name="testValidEmployerSignUp" time="31.845" classname="com.jobget.testcases.SignUpPageTest"/>
  <testcase name="testElementsPresentOnPage" time="0.0" classname="com.jobget.testcases.SignUpPageTest">
    <ignored/>
  </testcase> <!-- testElementsPresentOnPage -->
  <testcase name="testTermsPageRedirectiron" time="0.0" classname="com.jobget.testcases.SignUpPageTest">
    <ignored/>
  </testcase> <!-- testTermsPageRedirectiron -->
  <testcase name="testSignUpButtonDisabled" time="0.0" classname="com.jobget.testcases.SignUpPageTest">
    <ignored/>
  </testcase> <!-- testSignUpButtonDisabled -->
  <testcase name="testAlreadyRegisteredEmail" time="0.0" classname="com.jobget.testcases.SignUpPageTest">
    <ignored/>
  </testcase> <!-- testAlreadyRegisteredEmail -->
  <testcase name="testJobSeekerRedirection" time="0.0" classname="com.jobget.testcases.SignUpPageTest">
    <ignored/>
  </testcase> <!-- testJobSeekerRedirection -->
  <testcase name="testEmailAddressValidation" time="0.0" classname="com.jobget.testcases.SignUpPageTest">
    <ignored/>
  </testcase> <!-- testEmailAddressValidation -->
  <testcase name="testPasswordValidation" time="0.0" classname="com.jobget.testcases.SignUpPageTest">
    <ignored/>
  </testcase> <!-- testPasswordValidation -->
  <testcase name="testSignUpButtonEnabled" time="0.0" classname="com.jobget.testcases.SignUpPageTest">
    <ignored/>
  </testcase> <!-- testSignUpButtonEnabled -->
</testsuite> <!-- Default test -->
