<?xml version="1.0" encoding="UTF-8"?>
<!-- Generated by org.testng.reporters.JUnitXMLReporter -->
<testsuite hostname="LAPTOP-QTT2AQ1K" ignored="2" name="Default test" tests="1" failures="0" timestamp="2022-01-18T22:12:20 IST" time="16.909" errors="0">
  <testcase name="logoDisplayedTest" time="4.239" classname="com.jobget.testcases.LaunchPageTest"/>
  <testcase name="signUpButtonDisplayedTest" time="0.0" classname="com.jobget.testcases.LaunchPageTest">
    <ignored/>
  </testcase> <!-- signUpButtonDisplayedTest -->
  <testcase name="loginButtonDisplayedTest" time="0.0" classname="com.jobget.testcases.LaunchPageTest">
    <ignored/>
  </testcase> <!-- loginButtonDisplayedTest -->
</testsuite> <!-- Default test -->
