<?xml version="1.0" encoding="UTF-8"?>
<!-- Generated by org.testng.reporters.JUnitXMLReporter -->
<testsuite hostname="LAPTOP-QTT2AQ1K" ignored="0" name="Launch Test" tests="3" failures="0" timestamp="2022-01-19T00:32:35 IST" time="56.311" errors="0">
  <testcase name="logoDisplayedTest" time="1.055" classname="com.jobget.testcases.LaunchPageTest"/>
  <testcase name="signUpButtonDisplayedTest" time="1.504" classname="com.jobget.testcases.LaunchPageTest"/>
  <testcase name="loginButtonDisplayedTest" time="2.374" classname="com.jobget.testcases.LaunchPageTest"/>
</testsuite> <!-- Launch Test -->
