<?xml version="1.0" encoding="UTF-8"?>
<!-- Generated by org.testng.reporters.JUnitXMLReporter -->
<testsuite hostname="LAPTOP-QTT2AQ1K" ignored="0" name="Login Test" tests="14" failures="0" timestamp="2022-01-19T03:24:42 IST" time="572.534" errors="0">
  <testcase name="testElementsPresentOnPage" time="14.044" classname="com.jobget.testcases.LoginPageTest"/>
  <testcase name="testValidLogin" time="23.516" classname="com.jobget.testcases.LoginPageTest"/>
  <testcase name="testNotRegisteredEmailUsedForlogin" time="17.378" classname="com.jobget.testcases.LoginPageTest"/>
  <testcase name="testSignUpRedirection" time="13.607" classname="com.jobget.testcases.LoginPageTest"/>
  <testcase name="testLoginUpButtonEnabled" time="16.553" classname="com.jobget.testcases.LoginPageTest"/>
  <testcase name="testEmptyUserNameValidiation" time="17.066" classname="com.jobget.testcases.LoginPageTest"/>
  <testcase name="testEmptyPasswordValidiation" time="17.401" classname="com.jobget.testcases.LoginPageTest"/>
  <testcase name="testInvalidEmailAddressValidation" time="18.023" classname="com.jobget.testcases.LoginPageTest"/>
  <testcase name="testInvalidPasswordValidation" time="16.26" classname="com.jobget.testcases.LoginPageTest"/>
  <testcase name="testLoginButtonDisabled" time="15.716" classname="com.jobget.testcases.LoginPageTest"/>
  <testcase name="testForgotPasswordRedirection" time="19.257" classname="com.jobget.testcases.LoginPageTest"/>
  <testcase name="testForgotPassword" time="42.604" classname="com.jobget.testcases.LoginPageTest"/>
  <testcase name="testPasswordResetResendCodeEditAction" time="47.873" classname="com.jobget.testcases.LoginPageTest"/>
  <testcase name="testPasswordResetResendCodeYesAction" time="43.4" classname="com.jobget.testcases.LoginPageTest"/>
</testsuite> <!-- Login Test -->
