<?xml version="1.0" encoding="UTF-8"?>
<!-- Generated by org.testng.reporters.JUnitXMLReporter -->
<testsuite hostname="LAPTOP-QTT2AQ1K" ignored="0" name="Logout Test" tests="2" failures="0" timestamp="2022-01-19T03:26:38 IST" time="116.707" errors="0">
  <testcase name="testLogoutConfirmationTrue" time="38.424" classname="com.jobget.testcases.LogOutPageTest"/>
  <testcase name="testLogoutConfirmationFalse" time="42.93" classname="com.jobget.testcases.LogOutPageTest"/>
</testsuite> <!-- Logout Test -->
