<?xml version="1.0" encoding="UTF-8"?>
<!-- Generated by org.testng.reporters.JUnitXMLReporter -->
<testsuite hostname="LAPTOP-QTT2AQ1K" ignored="0" name="Logout Test" tests="2" failures="0" timestamp="2022-01-19T00:48:50 IST" time="113.419" errors="0">
  <testcase name="testLogoutConfirmationTrue" time="38.926" classname="com.jobget.testcases.LogOutPageTest"/>
  <testcase name="testLogoutConfirmationFalse" time="41.141" classname="com.jobget.testcases.LogOutPageTest"/>
</testsuite> <!-- Logout Test -->
