<?xml version="1.0" encoding="UTF-8"?>
<testng-results skipped="5" failed="0" ignored="0" total="5" passed="0">
  <reporter-output>
  </reporter-output>
  <suite name="Suite" duration-ms="366948" started-at="2022-01-24T15:09:55 IST" finished-at="2022-01-24T15:16:01 IST">
    <groups>
    </groups>
    <test name="Logout Test" duration-ms="199037" started-at="2022-01-24T15:09:55 IST" finished-at="2022-01-24T15:13:14 IST">
      <class name="com.jobget.testcases.LogOutPageTest">
        <test-method status="PASS" signature="generateReport()[pri:0, instance:com.jobget.testcases.LogOutPageTest@5fdba6f9]" name="generateReport" is-config="true" duration-ms="3919" started-at="2022-01-24T15:09:55 IST" finished-at="2022-01-24T15:09:58 IST">
          <reporter-output>
          </reporter-output>
        </test-method> <!-- generateReport -->
        <test-method status="FAIL" signature="setUp(java.lang.String,java.lang.String,java.lang.String)[pri:0, instance:com.jobget.testcases.LogOutPageTest@5fdba6f9]" name="setUp" is-config="true" duration-ms="182214" started-at="2022-01-24T15:10:09 IST" finished-at="2022-01-24T15:13:12 IST">
          <params>
            <param index="0">
              <value>
                <![CDATA[Android SDK built for x86]]>
              </value>
            </param>
            <param index="1">
              <value>
                <![CDATA[10]]>
              </value>
            </param>
            <param index="2">
              <value>
                <![CDATA[emulator-5556]]>
              </value>
            </param>
          </params>
          <exception class="java.lang.IllegalArgumentException">
            <message>
              <![CDATA[Can not set static io.appium.java_client.MobileElement field com.jobget.pages.LoginPage.loginBtn to org.openqa.selenium.remote.RemoteWebElement$$EnhancerByCGLIB$$d27c0df4]]>
            </message>
            <full-stacktrace>
              <![CDATA[java.lang.IllegalArgumentException: Can not set static io.appium.java_client.MobileElement field com.jobget.pages.LoginPage.loginBtn to org.openqa.selenium.remote.RemoteWebElement$$EnhancerByCGLIB$$d27c0df4
at sun.reflect.UnsafeFieldAccessorImpl.throwSetIllegalArgumentException(Unknown Source)
at sun.reflect.UnsafeFieldAccessorImpl.throwSetIllegalArgumentException(Unknown Source)
at sun.reflect.UnsafeStaticObjectFieldAccessorImpl.set(Unknown Source)
at java.lang.reflect.Field.set(Unknown Source)
at org.openqa.selenium.support.PageFactory.proxyFields(PageFactory.java:117)
at org.openqa.selenium.support.PageFactory.initElements(PageFactory.java:105)
at com.jobget.pages.LoginPage.<init>(LoginPage.java:134)
at com.jobget.testcases.LogOutPageTest.setUp(LogOutPageTest.java:37)
at sun.reflect.NativeMethodAccessorImpl.invoke0(Native Method)
at sun.reflect.NativeMethodAccessorImpl.invoke(Unknown Source)
at sun.reflect.DelegatingMethodAccessorImpl.invoke(Unknown Source)
at java.lang.reflect.Method.invoke(Unknown Source)
at org.testng.internal.MethodInvocationHelper.invokeMethod(MethodInvocationHelper.java:133)
at org.testng.internal.MethodInvocationHelper.invokeMethodConsideringTimeout(MethodInvocationHelper.java:62)
at org.testng.internal.ConfigInvoker.invokeConfigurationMethod(ConfigInvoker.java:385)
at org.testng.internal.ConfigInvoker.invokeConfigurations(ConfigInvoker.java:321)
at org.testng.internal.TestInvoker.runConfigMethods(TestInvoker.java:700)
at org.testng.internal.TestInvoker.invokeMethod(TestInvoker.java:527)
at org.testng.internal.TestInvoker.invokeTestMethod(TestInvoker.java:173)
at org.testng.internal.MethodRunner.runInSequence(MethodRunner.java:46)
at org.testng.internal.TestInvoker$MethodInvocationAgent.invoke(TestInvoker.java:824)
at org.testng.internal.TestInvoker.invokeTestMethods(TestInvoker.java:146)
at org.testng.internal.TestMethodWorker.invokeTestMethods(TestMethodWorker.java:146)
at org.testng.internal.TestMethodWorker.run(TestMethodWorker.java:128)
at java.util.ArrayList.forEach(Unknown Source)
at org.testng.TestRunner.privateRun(TestRunner.java:794)
at org.testng.TestRunner.run(TestRunner.java:596)
at org.testng.SuiteRunner.runTest(SuiteRunner.java:377)
at org.testng.SuiteRunner.access$000(SuiteRunner.java:28)
at org.testng.SuiteRunner$SuiteWorker.run(SuiteRunner.java:418)
at org.testng.internal.thread.ThreadUtil.lambda$execute$0(ThreadUtil.java:64)
at java.util.concurrent.FutureTask.run(Unknown Source)
at java.util.concurrent.ThreadPoolExecutor.runWorker(Unknown Source)
at java.util.concurrent.ThreadPoolExecutor$Worker.run(Unknown Source)
at java.lang.Thread.run(Unknown Source)
]]>
            </full-stacktrace>
          </exception> <!-- java.lang.IllegalArgumentException -->
          <reporter-output>
          </reporter-output>
        </test-method> <!-- setUp -->
        <test-method status="SKIP" signature="testLogoutConfirmationTrue(java.lang.String,java.lang.String,java.lang.String)[pri:1, instance:com.jobget.testcases.LogOutPageTest@5fdba6f9]" name="testLogoutConfirmationTrue" duration-ms="0" started-at="2022-01-24T15:13:13 IST" data-provider="getTestData" finished-at="2022-01-24T15:13:13 IST">
          <params>
            <param index="0">
              <value>
                <![CDATA[automationuser4846@gmail.com]]>
              </value>
            </param>
            <param index="1">
              <value>
                <![CDATA[Auto!554001231]]>
              </value>
            </param>
            <param index="2">
              <value>
                <![CDATA[India]]>
              </value>
            </param>
          </params>
          <exception class="java.lang.IllegalArgumentException">
            <message>
              <![CDATA[Can not set static io.appium.java_client.MobileElement field com.jobget.pages.LoginPage.loginBtn to org.openqa.selenium.remote.RemoteWebElement$$EnhancerByCGLIB$$d27c0df4]]>
            </message>
            <full-stacktrace>
              <![CDATA[java.lang.IllegalArgumentException: Can not set static io.appium.java_client.MobileElement field com.jobget.pages.LoginPage.loginBtn to org.openqa.selenium.remote.RemoteWebElement$$EnhancerByCGLIB$$d27c0df4
at sun.reflect.UnsafeFieldAccessorImpl.throwSetIllegalArgumentException(Unknown Source)
at sun.reflect.UnsafeFieldAccessorImpl.throwSetIllegalArgumentException(Unknown Source)
at sun.reflect.UnsafeStaticObjectFieldAccessorImpl.set(Unknown Source)
at java.lang.reflect.Field.set(Unknown Source)
at org.openqa.selenium.support.PageFactory.proxyFields(PageFactory.java:117)
at org.openqa.selenium.support.PageFactory.initElements(PageFactory.java:105)
at com.jobget.pages.LoginPage.<init>(LoginPage.java:134)
at com.jobget.testcases.LogOutPageTest.setUp(LogOutPageTest.java:37)
at sun.reflect.NativeMethodAccessorImpl.invoke0(Native Method)
at sun.reflect.NativeMethodAccessorImpl.invoke(Unknown Source)
at sun.reflect.DelegatingMethodAccessorImpl.invoke(Unknown Source)
at java.lang.reflect.Method.invoke(Unknown Source)
at org.testng.internal.MethodInvocationHelper.invokeMethod(MethodInvocationHelper.java:133)
at org.testng.internal.MethodInvocationHelper.invokeMethodConsideringTimeout(MethodInvocationHelper.java:62)
at org.testng.internal.ConfigInvoker.invokeConfigurationMethod(ConfigInvoker.java:385)
at org.testng.internal.ConfigInvoker.invokeConfigurations(ConfigInvoker.java:321)
at org.testng.internal.TestInvoker.runConfigMethods(TestInvoker.java:700)
at org.testng.internal.TestInvoker.invokeMethod(TestInvoker.java:527)
at org.testng.internal.TestInvoker.invokeTestMethod(TestInvoker.java:173)
at org.testng.internal.MethodRunner.runInSequence(MethodRunner.java:46)
at org.testng.internal.TestInvoker$MethodInvocationAgent.invoke(TestInvoker.java:824)
at org.testng.internal.TestInvoker.invokeTestMethods(TestInvoker.java:146)
at org.testng.internal.TestMethodWorker.invokeTestMethods(TestMethodWorker.java:146)
at org.testng.internal.TestMethodWorker.run(TestMethodWorker.java:128)
at java.util.ArrayList.forEach(Unknown Source)
at org.testng.TestRunner.privateRun(TestRunner.java:794)
at org.testng.TestRunner.run(TestRunner.java:596)
at org.testng.SuiteRunner.runTest(SuiteRunner.java:377)
at org.testng.SuiteRunner.access$000(SuiteRunner.java:28)
at org.testng.SuiteRunner$SuiteWorker.run(SuiteRunner.java:418)
at org.testng.internal.thread.ThreadUtil.lambda$execute$0(ThreadUtil.java:64)
at java.util.concurrent.FutureTask.run(Unknown Source)
at java.util.concurrent.ThreadPoolExecutor.runWorker(Unknown Source)
at java.util.concurrent.ThreadPoolExecutor$Worker.run(Unknown Source)
at java.lang.Thread.run(Unknown Source)
]]>
            </full-stacktrace>
          </exception> <!-- java.lang.IllegalArgumentException -->
          <reporter-output>
          </reporter-output>
        </test-method> <!-- testLogoutConfirmationTrue -->
        <test-method status="SKIP" signature="tearDown(org.testng.ITestResult)[pri:0, instance:com.jobget.testcases.LogOutPageTest@5fdba6f9]" name="tearDown" is-config="true" duration-ms="-1643017393306" started-at="2022-01-24T15:13:13 IST" finished-at="1970-01-01T05:30:00 IST">
          <reporter-output>
          </reporter-output>
        </test-method> <!-- tearDown -->
        <test-method status="SKIP" signature="setUp(java.lang.String,java.lang.String,java.lang.String)[pri:0, instance:com.jobget.testcases.LogOutPageTest@5fdba6f9]" name="setUp" is-config="true" duration-ms="-1643017394027" started-at="2022-01-24T15:13:14 IST" finished-at="1970-01-01T05:30:00 IST">
          <reporter-output>
          </reporter-output>
        </test-method> <!-- setUp -->
        <test-method status="SKIP" signature="testLogoutConfirmationFalse(java.lang.String,java.lang.String,java.lang.String)[pri:2, instance:com.jobget.testcases.LogOutPageTest@5fdba6f9]" name="testLogoutConfirmationFalse" duration-ms="0" started-at="2022-01-24T15:13:14 IST" data-provider="getTestData" finished-at="2022-01-24T15:13:14 IST">
          <params>
            <param index="0">
              <value>
                <![CDATA[automationuser4846@gmail.com]]>
              </value>
            </param>
            <param index="1">
              <value>
                <![CDATA[Auto!554001231]]>
              </value>
            </param>
            <param index="2">
              <value>
                <![CDATA[India]]>
              </value>
            </param>
          </params>
          <exception class="java.lang.IllegalArgumentException">
            <message>
              <![CDATA[Can not set static io.appium.java_client.MobileElement field com.jobget.pages.LoginPage.loginBtn to org.openqa.selenium.remote.RemoteWebElement$$EnhancerByCGLIB$$d27c0df4]]>
            </message>
            <full-stacktrace>
              <![CDATA[java.lang.IllegalArgumentException: Can not set static io.appium.java_client.MobileElement field com.jobget.pages.LoginPage.loginBtn to org.openqa.selenium.remote.RemoteWebElement$$EnhancerByCGLIB$$d27c0df4
at sun.reflect.UnsafeFieldAccessorImpl.throwSetIllegalArgumentException(Unknown Source)
at sun.reflect.UnsafeFieldAccessorImpl.throwSetIllegalArgumentException(Unknown Source)
at sun.reflect.UnsafeStaticObjectFieldAccessorImpl.set(Unknown Source)
at java.lang.reflect.Field.set(Unknown Source)
at org.openqa.selenium.support.PageFactory.proxyFields(PageFactory.java:117)
at org.openqa.selenium.support.PageFactory.initElements(PageFactory.java:105)
at com.jobget.pages.LoginPage.<init>(LoginPage.java:134)
at com.jobget.testcases.LogOutPageTest.setUp(LogOutPageTest.java:37)
at sun.reflect.NativeMethodAccessorImpl.invoke0(Native Method)
at sun.reflect.NativeMethodAccessorImpl.invoke(Unknown Source)
at sun.reflect.DelegatingMethodAccessorImpl.invoke(Unknown Source)
at java.lang.reflect.Method.invoke(Unknown Source)
at org.testng.internal.MethodInvocationHelper.invokeMethod(MethodInvocationHelper.java:133)
at org.testng.internal.MethodInvocationHelper.invokeMethodConsideringTimeout(MethodInvocationHelper.java:62)
at org.testng.internal.ConfigInvoker.invokeConfigurationMethod(ConfigInvoker.java:385)
at org.testng.internal.ConfigInvoker.invokeConfigurations(ConfigInvoker.java:321)
at org.testng.internal.TestInvoker.runConfigMethods(TestInvoker.java:700)
at org.testng.internal.TestInvoker.invokeMethod(TestInvoker.java:527)
at org.testng.internal.TestInvoker.invokeTestMethod(TestInvoker.java:173)
at org.testng.internal.MethodRunner.runInSequence(MethodRunner.java:46)
at org.testng.internal.TestInvoker$MethodInvocationAgent.invoke(TestInvoker.java:824)
at org.testng.internal.TestInvoker.invokeTestMethods(TestInvoker.java:146)
at org.testng.internal.TestMethodWorker.invokeTestMethods(TestMethodWorker.java:146)
at org.testng.internal.TestMethodWorker.run(TestMethodWorker.java:128)
at java.util.ArrayList.forEach(Unknown Source)
at org.testng.TestRunner.privateRun(TestRunner.java:794)
at org.testng.TestRunner.run(TestRunner.java:596)
at org.testng.SuiteRunner.runTest(SuiteRunner.java:377)
at org.testng.SuiteRunner.access$000(SuiteRunner.java:28)
at org.testng.SuiteRunner$SuiteWorker.run(SuiteRunner.java:418)
at org.testng.internal.thread.ThreadUtil.lambda$execute$0(ThreadUtil.java:64)
at java.util.concurrent.FutureTask.run(Unknown Source)
at java.util.concurrent.ThreadPoolExecutor.runWorker(Unknown Source)
at java.util.concurrent.ThreadPoolExecutor$Worker.run(Unknown Source)
at java.lang.Thread.run(Unknown Source)
]]>
            </full-stacktrace>
          </exception> <!-- java.lang.IllegalArgumentException -->
          <reporter-output>
          </reporter-output>
        </test-method> <!-- testLogoutConfirmationFalse -->
        <test-method status="SKIP" signature="tearDown(org.testng.ITestResult)[pri:0, instance:com.jobget.testcases.LogOutPageTest@5fdba6f9]" name="tearDown" is-config="true" duration-ms="-1643017394036" started-at="2022-01-24T15:13:14 IST" finished-at="1970-01-01T05:30:00 IST">
          <reporter-output>
          </reporter-output>
        </test-method> <!-- tearDown -->
        <test-method status="SKIP" signature="writeReport()[pri:0, instance:com.jobget.testcases.LogOutPageTest@5fdba6f9]" name="writeReport" is-config="true" duration-ms="-1643017394040" started-at="2022-01-24T15:13:14 IST" finished-at="1970-01-01T05:30:00 IST">
          <reporter-output>
          </reporter-output>
        </test-method> <!-- writeReport -->
      </class> <!-- com.jobget.testcases.LogOutPageTest -->
    </test> <!-- Logout Test -->
    <test name="Launch Test" duration-ms="366948" started-at="2022-01-24T15:09:55 IST" finished-at="2022-01-24T15:16:01 IST">
      <class name="com.jobget.testcases.LaunchPageTest">
        <test-method status="PASS" signature="generateReport()[pri:0, instance:com.jobget.testcases.LaunchPageTest@2a70a3d8]" name="generateReport" is-config="true" duration-ms="3919" started-at="2022-01-24T15:09:55 IST" finished-at="2022-01-24T15:09:58 IST">
          <reporter-output>
          </reporter-output>
        </test-method> <!-- generateReport -->
        <test-method status="FAIL" signature="setUp(java.lang.String,java.lang.String,java.lang.String)[pri:0, instance:com.jobget.testcases.LaunchPageTest@2a70a3d8]" name="setUp" is-config="true" duration-ms="361983" started-at="2022-01-24T15:09:59 IST" finished-at="2022-01-24T15:16:01 IST">
          <params>
            <param index="0">
              <value>
                <![CDATA[Android SDK built for x86]]>
              </value>
            </param>
            <param index="1">
              <value>
                <![CDATA[10]]>
              </value>
            </param>
            <param index="2">
              <value>
                <![CDATA[emulator-5554]]>
              </value>
            </param>
          </params>
          <exception class="java.lang.IllegalArgumentException">
            <message>
              <![CDATA[Can not set io.appium.java_client.MobileElement field com.jobget.pages.LaunchPage.logo to org.openqa.selenium.remote.RemoteWebElement$$EnhancerByCGLIB$$d27c0df4]]>
            </message>
            <full-stacktrace>
              <![CDATA[java.lang.IllegalArgumentException: Can not set io.appium.java_client.MobileElement field com.jobget.pages.LaunchPage.logo to org.openqa.selenium.remote.RemoteWebElement$$EnhancerByCGLIB$$d27c0df4
at sun.reflect.UnsafeFieldAccessorImpl.throwSetIllegalArgumentException(Unknown Source)
at sun.reflect.UnsafeFieldAccessorImpl.throwSetIllegalArgumentException(Unknown Source)
at sun.reflect.UnsafeObjectFieldAccessorImpl.set(Unknown Source)
at java.lang.reflect.Field.set(Unknown Source)
at org.openqa.selenium.support.PageFactory.proxyFields(PageFactory.java:117)
at org.openqa.selenium.support.PageFactory.initElements(PageFactory.java:105)
at com.jobget.pages.LaunchPage.<init>(LaunchPage.java:30)
at com.jobget.testcases.LaunchPageTest.setUp(LaunchPageTest.java:26)
at sun.reflect.NativeMethodAccessorImpl.invoke0(Native Method)
at sun.reflect.NativeMethodAccessorImpl.invoke(Unknown Source)
at sun.reflect.DelegatingMethodAccessorImpl.invoke(Unknown Source)
at java.lang.reflect.Method.invoke(Unknown Source)
at org.testng.internal.MethodInvocationHelper.invokeMethod(MethodInvocationHelper.java:133)
at org.testng.internal.MethodInvocationHelper.invokeMethodConsideringTimeout(MethodInvocationHelper.java:62)
at org.testng.internal.ConfigInvoker.invokeConfigurationMethod(ConfigInvoker.java:385)
at org.testng.internal.ConfigInvoker.invokeConfigurations(ConfigInvoker.java:321)
at org.testng.internal.TestInvoker.runConfigMethods(TestInvoker.java:700)
at org.testng.internal.TestInvoker.invokeMethod(TestInvoker.java:527)
at org.testng.internal.TestInvoker.invokeTestMethod(TestInvoker.java:173)
at org.testng.internal.MethodRunner.runInSequence(MethodRunner.java:46)
at org.testng.internal.TestInvoker$MethodInvocationAgent.invoke(TestInvoker.java:824)
at org.testng.internal.TestInvoker.invokeTestMethods(TestInvoker.java:146)
at org.testng.internal.TestMethodWorker.invokeTestMethods(TestMethodWorker.java:146)
at org.testng.internal.TestMethodWorker.run(TestMethodWorker.java:128)
at java.util.ArrayList.forEach(Unknown Source)
at org.testng.TestRunner.privateRun(TestRunner.java:794)
at org.testng.TestRunner.run(TestRunner.java:596)
at org.testng.SuiteRunner.runTest(SuiteRunner.java:377)
at org.testng.SuiteRunner.access$000(SuiteRunner.java:28)
at org.testng.SuiteRunner$SuiteWorker.run(SuiteRunner.java:418)
at org.testng.internal.thread.ThreadUtil.lambda$execute$0(ThreadUtil.java:64)
at java.util.concurrent.FutureTask.run(Unknown Source)
at java.util.concurrent.ThreadPoolExecutor.runWorker(Unknown Source)
at java.util.concurrent.ThreadPoolExecutor$Worker.run(Unknown Source)
at java.lang.Thread.run(Unknown Source)
]]>
            </full-stacktrace>
          </exception> <!-- java.lang.IllegalArgumentException -->
          <reporter-output>
          </reporter-output>
        </test-method> <!-- setUp -->
        <test-method status="SKIP" signature="logoDisplayedTest()[pri:1, instance:com.jobget.testcases.LaunchPageTest@2a70a3d8]" name="logoDisplayedTest" duration-ms="0" started-at="2022-01-24T15:16:01 IST" finished-at="2022-01-24T15:16:01 IST">
          <exception class="java.lang.IllegalArgumentException">
            <message>
              <![CDATA[Can not set io.appium.java_client.MobileElement field com.jobget.pages.LaunchPage.logo to org.openqa.selenium.remote.RemoteWebElement$$EnhancerByCGLIB$$d27c0df4]]>
            </message>
            <full-stacktrace>
              <![CDATA[java.lang.IllegalArgumentException: Can not set io.appium.java_client.MobileElement field com.jobget.pages.LaunchPage.logo to org.openqa.selenium.remote.RemoteWebElement$$EnhancerByCGLIB$$d27c0df4
at sun.reflect.UnsafeFieldAccessorImpl.throwSetIllegalArgumentException(Unknown Source)
at sun.reflect.UnsafeFieldAccessorImpl.throwSetIllegalArgumentException(Unknown Source)
at sun.reflect.UnsafeObjectFieldAccessorImpl.set(Unknown Source)
at java.lang.reflect.Field.set(Unknown Source)
at org.openqa.selenium.support.PageFactory.proxyFields(PageFactory.java:117)
at org.openqa.selenium.support.PageFactory.initElements(PageFactory.java:105)
at com.jobget.pages.LaunchPage.<init>(LaunchPage.java:30)
at com.jobget.testcases.LaunchPageTest.setUp(LaunchPageTest.java:26)
at sun.reflect.NativeMethodAccessorImpl.invoke0(Native Method)
at sun.reflect.NativeMethodAccessorImpl.invoke(Unknown Source)
at sun.reflect.DelegatingMethodAccessorImpl.invoke(Unknown Source)
at java.lang.reflect.Method.invoke(Unknown Source)
at org.testng.internal.MethodInvocationHelper.invokeMethod(MethodInvocationHelper.java:133)
at org.testng.internal.MethodInvocationHelper.invokeMethodConsideringTimeout(MethodInvocationHelper.java:62)
at org.testng.internal.ConfigInvoker.invokeConfigurationMethod(ConfigInvoker.java:385)
at org.testng.internal.ConfigInvoker.invokeConfigurations(ConfigInvoker.java:321)
at org.testng.internal.TestInvoker.runConfigMethods(TestInvoker.java:700)
at org.testng.internal.TestInvoker.invokeMethod(TestInvoker.java:527)
at org.testng.internal.TestInvoker.invokeTestMethod(TestInvoker.java:173)
at org.testng.internal.MethodRunner.runInSequence(MethodRunner.java:46)
at org.testng.internal.TestInvoker$MethodInvocationAgent.invoke(TestInvoker.java:824)
at org.testng.internal.TestInvoker.invokeTestMethods(TestInvoker.java:146)
at org.testng.internal.TestMethodWorker.invokeTestMethods(TestMethodWorker.java:146)
at org.testng.internal.TestMethodWorker.run(TestMethodWorker.java:128)
at java.util.ArrayList.forEach(Unknown Source)
at org.testng.TestRunner.privateRun(TestRunner.java:794)
at org.testng.TestRunner.run(TestRunner.java:596)
at org.testng.SuiteRunner.runTest(SuiteRunner.java:377)
at org.testng.SuiteRunner.access$000(SuiteRunner.java:28)
at org.testng.SuiteRunner$SuiteWorker.run(SuiteRunner.java:418)
at org.testng.internal.thread.ThreadUtil.lambda$execute$0(ThreadUtil.java:64)
at java.util.concurrent.FutureTask.run(Unknown Source)
at java.util.concurrent.ThreadPoolExecutor.runWorker(Unknown Source)
at java.util.concurrent.ThreadPoolExecutor$Worker.run(Unknown Source)
at java.lang.Thread.run(Unknown Source)
]]>
            </full-stacktrace>
          </exception> <!-- java.lang.IllegalArgumentException -->
          <reporter-output>
          </reporter-output>
        </test-method> <!-- logoDisplayedTest -->
        <test-method status="SKIP" signature="tearDown(org.testng.ITestResult)[pri:0, instance:com.jobget.testcases.LaunchPageTest@2a70a3d8]" name="tearDown" is-config="true" duration-ms="-1643017561369" started-at="2022-01-24T15:16:01 IST" finished-at="1970-01-01T05:30:00 IST">
          <reporter-output>
          </reporter-output>
        </test-method> <!-- tearDown -->
        <test-method status="SKIP" signature="setUp(java.lang.String,java.lang.String,java.lang.String)[pri:0, instance:com.jobget.testcases.LaunchPageTest@2a70a3d8]" name="setUp" is-config="true" duration-ms="-1643017561695" started-at="2022-01-24T15:16:01 IST" finished-at="1970-01-01T05:30:00 IST">
          <reporter-output>
          </reporter-output>
        </test-method> <!-- setUp -->
        <test-method status="SKIP" signature="signUpButtonDisplayedTest()[pri:2, instance:com.jobget.testcases.LaunchPageTest@2a70a3d8]" name="signUpButtonDisplayedTest" duration-ms="0" started-at="2022-01-24T15:16:01 IST" finished-at="2022-01-24T15:16:01 IST">
          <exception class="java.lang.IllegalArgumentException">
            <message>
              <![CDATA[Can not set io.appium.java_client.MobileElement field com.jobget.pages.LaunchPage.logo to org.openqa.selenium.remote.RemoteWebElement$$EnhancerByCGLIB$$d27c0df4]]>
            </message>
            <full-stacktrace>
              <![CDATA[java.lang.IllegalArgumentException: Can not set io.appium.java_client.MobileElement field com.jobget.pages.LaunchPage.logo to org.openqa.selenium.remote.RemoteWebElement$$EnhancerByCGLIB$$d27c0df4
at sun.reflect.UnsafeFieldAccessorImpl.throwSetIllegalArgumentException(Unknown Source)
at sun.reflect.UnsafeFieldAccessorImpl.throwSetIllegalArgumentException(Unknown Source)
at sun.reflect.UnsafeObjectFieldAccessorImpl.set(Unknown Source)
at java.lang.reflect.Field.set(Unknown Source)
at org.openqa.selenium.support.PageFactory.proxyFields(PageFactory.java:117)
at org.openqa.selenium.support.PageFactory.initElements(PageFactory.java:105)
at com.jobget.pages.LaunchPage.<init>(LaunchPage.java:30)
at com.jobget.testcases.LaunchPageTest.setUp(LaunchPageTest.java:26)
at sun.reflect.NativeMethodAccessorImpl.invoke0(Native Method)
at sun.reflect.NativeMethodAccessorImpl.invoke(Unknown Source)
at sun.reflect.DelegatingMethodAccessorImpl.invoke(Unknown Source)
at java.lang.reflect.Method.invoke(Unknown Source)
at org.testng.internal.MethodInvocationHelper.invokeMethod(MethodInvocationHelper.java:133)
at org.testng.internal.MethodInvocationHelper.invokeMethodConsideringTimeout(MethodInvocationHelper.java:62)
at org.testng.internal.ConfigInvoker.invokeConfigurationMethod(ConfigInvoker.java:385)
at org.testng.internal.ConfigInvoker.invokeConfigurations(ConfigInvoker.java:321)
at org.testng.internal.TestInvoker.runConfigMethods(TestInvoker.java:700)
at org.testng.internal.TestInvoker.invokeMethod(TestInvoker.java:527)
at org.testng.internal.TestInvoker.invokeTestMethod(TestInvoker.java:173)
at org.testng.internal.MethodRunner.runInSequence(MethodRunner.java:46)
at org.testng.internal.TestInvoker$MethodInvocationAgent.invoke(TestInvoker.java:824)
at org.testng.internal.TestInvoker.invokeTestMethods(TestInvoker.java:146)
at org.testng.internal.TestMethodWorker.invokeTestMethods(TestMethodWorker.java:146)
at org.testng.internal.TestMethodWorker.run(TestMethodWorker.java:128)
at java.util.ArrayList.forEach(Unknown Source)
at org.testng.TestRunner.privateRun(TestRunner.java:794)
at org.testng.TestRunner.run(TestRunner.java:596)
at org.testng.SuiteRunner.runTest(SuiteRunner.java:377)
at org.testng.SuiteRunner.access$000(SuiteRunner.java:28)
at org.testng.SuiteRunner$SuiteWorker.run(SuiteRunner.java:418)
at org.testng.internal.thread.ThreadUtil.lambda$execute$0(ThreadUtil.java:64)
at java.util.concurrent.FutureTask.run(Unknown Source)
at java.util.concurrent.ThreadPoolExecutor.runWorker(Unknown Source)
at java.util.concurrent.ThreadPoolExecutor$Worker.run(Unknown Source)
at java.lang.Thread.run(Unknown Source)
]]>
            </full-stacktrace>
          </exception> <!-- java.lang.IllegalArgumentException -->
          <reporter-output>
          </reporter-output>
        </test-method> <!-- signUpButtonDisplayedTest -->
        <test-method status="SKIP" signature="tearDown(org.testng.ITestResult)[pri:0, instance:com.jobget.testcases.LaunchPageTest@2a70a3d8]" name="tearDown" is-config="true" duration-ms="-1643017561880" started-at="2022-01-24T15:16:01 IST" finished-at="1970-01-01T05:30:00 IST">
          <reporter-output>
          </reporter-output>
        </test-method> <!-- tearDown -->
        <test-method status="SKIP" signature="setUp(java.lang.String,java.lang.String,java.lang.String)[pri:0, instance:com.jobget.testcases.LaunchPageTest@2a70a3d8]" name="setUp" is-config="true" duration-ms="-1643017561946" started-at="2022-01-24T15:16:01 IST" finished-at="1970-01-01T05:30:00 IST">
          <reporter-output>
          </reporter-output>
        </test-method> <!-- setUp -->
        <test-method status="SKIP" signature="loginButtonDisplayedTest()[pri:3, instance:com.jobget.testcases.LaunchPageTest@2a70a3d8]" name="loginButtonDisplayedTest" duration-ms="0" started-at="2022-01-24T15:16:01 IST" finished-at="2022-01-24T15:16:01 IST">
          <exception class="java.lang.IllegalArgumentException">
            <message>
              <![CDATA[Can not set io.appium.java_client.MobileElement field com.jobget.pages.LaunchPage.logo to org.openqa.selenium.remote.RemoteWebElement$$EnhancerByCGLIB$$d27c0df4]]>
            </message>
            <full-stacktrace>
              <![CDATA[java.lang.IllegalArgumentException: Can not set io.appium.java_client.MobileElement field com.jobget.pages.LaunchPage.logo to org.openqa.selenium.remote.RemoteWebElement$$EnhancerByCGLIB$$d27c0df4
at sun.reflect.UnsafeFieldAccessorImpl.throwSetIllegalArgumentException(Unknown Source)
at sun.reflect.UnsafeFieldAccessorImpl.throwSetIllegalArgumentException(Unknown Source)
at sun.reflect.UnsafeObjectFieldAccessorImpl.set(Unknown Source)
at java.lang.reflect.Field.set(Unknown Source)
at org.openqa.selenium.support.PageFactory.proxyFields(PageFactory.java:117)
at org.openqa.selenium.support.PageFactory.initElements(PageFactory.java:105)
at com.jobget.pages.LaunchPage.<init>(LaunchPage.java:30)
at com.jobget.testcases.LaunchPageTest.setUp(LaunchPageTest.java:26)
at sun.reflect.NativeMethodAccessorImpl.invoke0(Native Method)
at sun.reflect.NativeMethodAccessorImpl.invoke(Unknown Source)
at sun.reflect.DelegatingMethodAccessorImpl.invoke(Unknown Source)
at java.lang.reflect.Method.invoke(Unknown Source)
at org.testng.internal.MethodInvocationHelper.invokeMethod(MethodInvocationHelper.java:133)
at org.testng.internal.MethodInvocationHelper.invokeMethodConsideringTimeout(MethodInvocationHelper.java:62)
at org.testng.internal.ConfigInvoker.invokeConfigurationMethod(ConfigInvoker.java:385)
at org.testng.internal.ConfigInvoker.invokeConfigurations(ConfigInvoker.java:321)
at org.testng.internal.TestInvoker.runConfigMethods(TestInvoker.java:700)
at org.testng.internal.TestInvoker.invokeMethod(TestInvoker.java:527)
at org.testng.internal.TestInvoker.invokeTestMethod(TestInvoker.java:173)
at org.testng.internal.MethodRunner.runInSequence(MethodRunner.java:46)
at org.testng.internal.TestInvoker$MethodInvocationAgent.invoke(TestInvoker.java:824)
at org.testng.internal.TestInvoker.invokeTestMethods(TestInvoker.java:146)
at org.testng.internal.TestMethodWorker.invokeTestMethods(TestMethodWorker.java:146)
at org.testng.internal.TestMethodWorker.run(TestMethodWorker.java:128)
at java.util.ArrayList.forEach(Unknown Source)
at org.testng.TestRunner.privateRun(TestRunner.java:794)
at org.testng.TestRunner.run(TestRunner.java:596)
at org.testng.SuiteRunner.runTest(SuiteRunner.java:377)
at org.testng.SuiteRunner.access$000(SuiteRunner.java:28)
at org.testng.SuiteRunner$SuiteWorker.run(SuiteRunner.java:418)
at org.testng.internal.thread.ThreadUtil.lambda$execute$0(ThreadUtil.java:64)
at java.util.concurrent.FutureTask.run(Unknown Source)
at java.util.concurrent.ThreadPoolExecutor.runWorker(Unknown Source)
at java.util.concurrent.ThreadPoolExecutor$Worker.run(Unknown Source)
at java.lang.Thread.run(Unknown Source)
]]>
            </full-stacktrace>
          </exception> <!-- java.lang.IllegalArgumentException -->
          <reporter-output>
          </reporter-output>
        </test-method> <!-- loginButtonDisplayedTest -->
        <test-method status="SKIP" signature="tearDown(org.testng.ITestResult)[pri:0, instance:com.jobget.testcases.LaunchPageTest@2a70a3d8]" name="tearDown" is-config="true" duration-ms="-1643017561952" started-at="2022-01-24T15:16:01 IST" finished-at="1970-01-01T05:30:00 IST">
          <reporter-output>
          </reporter-output>
        </test-method> <!-- tearDown -->
        <test-method status="SKIP" signature="writeReport()[pri:0, instance:com.jobget.testcases.LaunchPageTest@2a70a3d8]" name="writeReport" is-config="true" duration-ms="-1643017561954" started-at="2022-01-24T15:16:01 IST" finished-at="1970-01-01T05:30:00 IST">
          <reporter-output>
          </reporter-output>
        </test-method> <!-- writeReport -->
      </class> <!-- com.jobget.testcases.LaunchPageTest -->
    </test> <!-- Launch Test -->
  </suite> <!-- Suite -->
</testng-results>
